# JRE version: Java(TM) SE Runtime Environment (8.0_66-b18) (build 1.8.0_66-b18)
# Java VM: Java HotSpot(TM) 64-Bit Server VM (25.66-b18 mixed mode windows-amd64 compressed oops)
Heap:
 PSYoungGen      total 101888K, used 42290K [0x00000000f5580000, 0x00000000fc380000, 0x0000000100000000)
  eden space 91136K, 46% used [0x00000000f5580000,0x00000000f7ecca40,0x00000000fae80000)
  from space 10752K, 0% used [0x00000000fb900000,0x00000000fb900000,0x00000000fc380000)
  to   space 10752K, 0% used [0x00000000fae80000,0x00000000fae80000,0x00000000fb900000)
 ParOldGen       total 110080K, used 46936K [0x00000000e0000000, 0x00000000e6b80000, 0x00000000f5580000)
  object space 110080K, 42% used [0x00000000e0000000,0x00000000e2dd6258,0x00000000e6b80000)
 Metaspace       used 88104K, capacity 95588K, committed 95896K, reserved 1132544K
  class space    used 10306K, capacity 12703K, committed 12720K, reserved 1048576K
GC Heap History (10 events):
Event: 2080.741 GC heap before
{Heap before GC invocations=59 (full 21):
 PSYoungGen      total 96768K, used 96732K [0x00000000f5580000, 0x00000000fc900000, 0x0000000100000000)
  eden space 93696K, 100% used [0x00000000f5580000,0x00000000fb100000,0x00000000fb100000)
  from space 3072K, 98% used [0x00000000fb380000,0x00000000fb677220,0x00000000fb680000)
  to   space 12288K, 0% used [0x00000000fbd00000,0x00000000fbd00000,0x00000000fc900000)
 ParOldGen       total 110080K, used 47587K [0x00000000e0000000, 0x00000000e6b80000, 0x00000000f5580000)
  object space 110080K, 43% used [0x00000000e0000000,0x00000000e2e78c98,0x00000000e6b80000)
 Metaspace       used 87132K, capacity 94740K, committed 95000K, reserved 1132544K
  class space    used 10202K, capacity 12573K, committed 12592K, reserved 1048576K
Event: 2080.754 GC heap after
Heap after GC invocations=59 (full 21):
 PSYoungGen      total 98816K, used 3984K [0x00000000f5580000, 0x00000000fc480000, 0x0000000100000000)
  eden space 91136K, 0% used [0x00000000f5580000,0x00000000f5580000,0x00000000fae80000)
  from space 7680K, 51% used [0x00000000fbd00000,0x00000000fc0e4050,0x00000000fc480000)
  to   space 11264K, 0% used [0x00000000fae80000,0x00000000fae80000,0x00000000fb980000)
 ParOldGen       total 110080K, used 47595K [0x00000000e0000000, 0x00000000e6b80000, 0x00000000f5580000)
  object space 110080K, 43% used [0x00000000e0000000,0x00000000e2e7ac98,0x00000000e6b80000)
 Metaspace       used 87132K, capacity 94740K, committed 95000K, reserved 1132544K
  class space    used 10202K, capacity 12573K, committed 12592K, reserved 1048576K
}
Event: 2187.422 GC heap before
{Heap before GC invocations=60 (full 21):
 PSYoungGen      total 98816K, used 51886K [0x00000000f5580000, 0x00000000fc480000, 0x0000000100000000)
  eden space 91136K, 52% used [0x00000000f5580000,0x00000000f84478a0,0x00000000fae80000)
  from space 7680K, 51% used [0x00000000fbd00000,0x00000000fc0e4050,0x00000000fc480000)
  to   space 11264K, 0% used [0x00000000fae80000,0x00000000fae80000,0x00000000fb980000)
 ParOldGen       total 110080K, used 47595K [0x00000000e0000000, 0x00000000e6b80000, 0x00000000f5580000)
  object space 110080K, 43% used [0x00000000e0000000,0x00000000e2e7ac98,0x00000000e6b80000)
 Metaspace       used 87212K, capacity 94804K, committed 95000K, reserved 1132544K
  class space    used 10202K, capacity 12573K, committed 12592K, reserved 1048576K
Event: 2187.444 GC heap after
Heap after GC invocations=60 (full 21):
 PSYoungGen      total 95232K, used 4051K [0x00000000f5580000, 0x00000000fc380000, 0x0000000100000000)
  eden space 91136K, 0% used [0x00000000f5580000,0x00000000f5580000,0x00000000fae80000)
  from space 4096K, 98% used [0x00000000fae80000,0x00000000fb274ee0,0x00000000fb280000)
  to   space 10752K, 0% used [0x00000000fb900000,0x00000000fb900000,0x00000000fc380000)
 ParOldGen       total 110080K, used 47603K [0x00000000e0000000, 0x00000000e6b80000, 0x00000000f5580000)
  object space 110080K, 43% used [0x00000000e0000000,0x00000000e2e7cc98,0x00000000e6b80000)
 Metaspace       used 87212K, capacity 94804K, committed 95000K, reserved 1132544K
  class space    used 10202K, capacity 12573K, committed 12592K, reserved 1048576K
}
Event: 2187.444 GC heap before
{Heap before GC invocations=61 (full 22):
 PSYoungGen      total 95232K, used 4051K [0x00000000f5580000, 0x00000000fc380000, 0x0000000100000000)
  eden space 91136K, 0% used [0x00000000f5580000,0x00000000f5580000,0x00000000fae80000)
  from space 4096K, 98% used [0x00000000fae80000,0x00000000fb274ee0,0x00000000fb280000)
  to   space 10752K, 0% used [0x00000000fb900000,0x00000000fb900000,0x00000000fc380000)
 ParOldGen       total 110080K, used 47603K [0x00000000e0000000, 0x00000000e6b80000, 0x00000000f5580000)
  object space 110080K, 43% used [0x00000000e0000000,0x00000000e2e7cc98,0x00000000e6b80000)
 Metaspace       used 87212K, capacity 94804K, committed 95000K, reserved 1132544K
  class space    used 10202K, capacity 12573K, committed 12592K, reserved 1048576K
Event: 2188.587 GC heap after
Heap after GC invocations=61 (full 22):
 PSYoungGen      total 95232K, used 0K [0x00000000f5580000, 0x00000000fc380000, 0x0000000100000000)
  eden space 91136K, 0% used [0x00000000f5580000,0x00000000f5580000,0x00000000fae80000)
  from space 4096K, 0% used [0x00000000fae80000,0x00000000fae80000,0x00000000fb280000)
  to   space 10752K, 0% used [0x00000000fb900000,0x00000000fb900000,0x00000000fc380000)
 ParOldGen       total 110080K, used 47548K [0x00000000e0000000, 0x00000000e6b80000, 0x00000000f5580000)
  object space 110080K, 43% used [0x00000000e0000000,0x00000000e2e6f088,0x00000000e6b80000)
 Metaspace       used 87212K, capacity 94804K, committed 95000K, reserved 1132544K
  class space    used 10202K, capacity 12573K, committed 12592K, reserved 1048576K
}
Event: 2256.668 GC heap before
{Heap before GC invocations=62 (full 22):
 PSYoungGen      total 95232K, used 3134K [0x00000000f5580000, 0x00000000fc380000, 0x0000000100000000)
  eden space 91136K, 3% used [0x00000000f5580000,0x00000000f588f9d0,0x00000000fae80000)
  from space 4096K, 0% used [0x00000000fae80000,0x00000000fae80000,0x00000000fb280000)
  to   space 10752K, 0% used [0x00000000fb900000,0x00000000fb900000,0x00000000fc380000)
 ParOldGen       total 110080K, used 47548K [0x00000000e0000000, 0x00000000e6b80000, 0x00000000f5580000)
  object space 110080K, 43% used [0x00000000e0000000,0x00000000e2e6f088,0x00000000e6b80000)
 Metaspace       used 87212K, capacity 94804K, committed 95000K, reserved 1132544K
  class space    used 10202K, capacity 12573K, committed 12592K, reserved 1048576K
Event: 2256.675 GC heap after
Heap after GC invocations=62 (full 22):
 PSYoungGen      total 101888K, used 160K [0x00000000f5580000, 0x00000000fc380000, 0x0000000100000000)
  eden space 91136K, 0% used [0x00000000f5580000,0x00000000f5580000,0x00000000fae80000)
  from space 10752K, 1% used [0x00000000fb900000,0x00000000fb928000,0x00000000fc380000)
  to   space 10752K, 0% used [0x00000000fae80000,0x00000000fae80000,0x00000000fb900000)
 ParOldGen       total 110080K, used 47548K [0x00000000e0000000, 0x00000000e6b80000, 0x00000000f5580000)
  object space 110080K, 43% used [0x00000000e0000000,0x00000000e2e6f088,0x00000000e6b80000)
 Metaspace       used 87212K, capacity 94804K, committed 95000K, reserved 1132544K
  class space    used 10202K, capacity 12573K, committed 12592K, reserved 1048576K
}
Event: 2256.675 GC heap before
{Heap before GC invocations=63 (full 23):
 PSYoungGen      total 101888K, used 160K [0x00000000f5580000, 0x00000000fc380000, 0x0000000100000000)
  eden space 91136K, 0% used [0x00000000f5580000,0x00000000f5580000,0x00000000fae80000)
  from space 10752K, 1% used [0x00000000fb900000,0x00000000fb928000,0x00000000fc380000)
  to   space 10752K, 0% used [0x00000000fae80000,0x00000000fae80000,0x00000000fb900000)
 ParOldGen       total 110080K, used 47548K [0x00000000e0000000, 0x00000000e6b80000, 0x00000000f5580000)
  object space 110080K, 43% used [0x00000000e0000000,0x00000000e2e6f088,0x00000000e6b80000)
 Metaspace       used 87212K, capacity 94804K, committed 95000K, reserved 1132544K
  class space    used 10202K, capacity 12573K, committed 12592K, reserved 1048576K
Event: 2257.471 GC heap after
Heap after GC invocations=63 (full 23):
 PSYoungGen      total 101888K, used 0K [0x00000000f5580000, 0x00000000fc380000, 0x0000000100000000)
  eden space 91136K, 0% used [0x00000000f5580000,0x00000000f5580000,0x00000000fae80000)
  from space 10752K, 0% used [0x00000000fb900000,0x00000000fb900000,0x00000000fc380000)
  to   space 10752K, 0% used [0x00000000fae80000,0x00000000fae80000,0x00000000fb900000)
 ParOldGen       total 110080K, used 46936K [0x00000000e0000000, 0x00000000e6b80000, 0x00000000f5580000)
  object space 110080K, 42% used [0x00000000e0000000,0x00000000e2dd6258,0x00000000e6b80000)
 Metaspace       used 87209K, capacity 94798K, committed 95000K, reserved 1132544K
  class space    used 10201K, capacity 12572K, committed 12592K, reserved 1048576K
}

