# JRE version: Java(TM) SE Runtime Environment (8.0_66-b18) (build 1.8.0_66-b18)
# Java VM: Java HotSpot(TM) 64-Bit Server VM (25.66-b18 mixed mode windows-amd64 compressed oops)
Heap:
 PSYoungGen      total 94720K, used 27615K [0x00000000f5580000, 0x00000000fc600000, 0x0000000100000000)
  eden space 78336K, 29% used [0x00000000f5580000,0x00000000f6c0aef8,0x00000000fa200000)
  from space 16384K, 27% used [0x00000000fb180000,0x00000000fb5ed088,0x00000000fc180000)
  to   space 15872K, 0% used [0x00000000fa200000,0x00000000fa200000,0x00000000fb180000)
 ParOldGen       total 117248K, used 44441K [0x00000000e0000000, 0x00000000e7280000, 0x00000000f5580000)
  object space 117248K, 37% used [0x00000000e0000000,0x00000000e2b66600,0x00000000e7280000)
 Metaspace       used 82487K, capacity 89652K, committed 89752K, reserved 1126400K
  class space    used 9969K, capacity 12394K, committed 12464K, reserved 1048576K
GC Heap History (10 events):
Event: 1381.718 GC heap before
{Heap before GC invocations=50 (full 20):
 PSYoungGen      total 78336K, used 3809K [0x00000000f5580000, 0x00000000fc580000, 0x0000000100000000)
  eden space 77824K, 4% used [0x00000000f5580000,0x00000000f5938798,0x00000000fa180000)
  from space 512K, 0% used [0x00000000fa180000,0x00000000fa180000,0x00000000fa200000)
  to   space 18432K, 0% used [0x00000000fb380000,0x00000000fb380000,0x00000000fc580000)
 ParOldGen       total 117248K, used 44126K [0x00000000e0000000, 0x00000000e7280000, 0x00000000f5580000)
  object space 117248K, 37% used [0x00000000e0000000,0x00000000e2b17be8,0x00000000e7280000)
 Metaspace       used 80662K, capacity 87864K, committed 88216K, reserved 1126400K
  class space    used 9793K, capacity 12127K, committed 12208K, reserved 1048576K
Event: 1381.727 GC heap after
Heap after GC invocations=50 (full 20):
 PSYoungGen      total 94208K, used 192K [0x00000000f5580000, 0x00000000fc380000, 0x0000000100000000)
  eden space 77824K, 0% used [0x00000000f5580000,0x00000000f5580000,0x00000000fa180000)
  from space 16384K, 1% used [0x00000000fb380000,0x00000000fb3b0000,0x00000000fc380000)
  to   space 17408K, 0% used [0x00000000fa180000,0x00000000fa180000,0x00000000fb280000)
 ParOldGen       total 117248K, used 44134K [0x00000000e0000000, 0x00000000e7280000, 0x00000000f5580000)
  object space 117248K, 37% used [0x00000000e0000000,0x00000000e2b19be8,0x00000000e7280000)
 Metaspace       used 80662K, capacity 87864K, committed 88216K, reserved 1126400K
  class space    used 9793K, capacity 12127K, committed 12208K, reserved 1048576K
}
Event: 1381.727 GC heap before
{Heap before GC invocations=51 (full 21):
 PSYoungGen      total 94208K, used 192K [0x00000000f5580000, 0x00000000fc380000, 0x0000000100000000)
  eden space 77824K, 0% used [0x00000000f5580000,0x00000000f5580000,0x00000000fa180000)
  from space 16384K, 1% used [0x00000000fb380000,0x00000000fb3b0000,0x00000000fc380000)
  to   space 17408K, 0% used [0x00000000fa180000,0x00000000fa180000,0x00000000fb280000)
 ParOldGen       total 117248K, used 44134K [0x00000000e0000000, 0x00000000e7280000, 0x00000000f5580000)
  object space 117248K, 37% used [0x00000000e0000000,0x00000000e2b19be8,0x00000000e7280000)
 Metaspace       used 80662K, capacity 87864K, committed 88216K, reserved 1126400K
  class space    used 9793K, capacity 12127K, committed 12208K, reserved 1048576K
Event: 1382.106 GC heap after
Heap after GC invocations=51 (full 21):
 PSYoungGen      total 94208K, used 0K [0x00000000f5580000, 0x00000000fc380000, 0x0000000100000000)
  eden space 77824K, 0% used [0x00000000f5580000,0x00000000f5580000,0x00000000fa180000)
  from space 16384K, 0% used [0x00000000fb380000,0x00000000fb380000,0x00000000fc380000)
  to   space 17408K, 0% used [0x00000000fa180000,0x00000000fa180000,0x00000000fb280000)
 ParOldGen       total 117248K, used 44136K [0x00000000e0000000, 0x00000000e7280000, 0x00000000f5580000)
  object space 117248K, 37% used [0x00000000e0000000,0x00000000e2b1a038,0x00000000e7280000)
 Metaspace       used 80662K, capacity 87864K, committed 88216K, reserved 1126400K
  class space    used 9793K, capacity 12127K, committed 12208K, reserved 1048576K
}
Event: 1441.730 GC heap before
{Heap before GC invocations=52 (full 21):
 PSYoungGen      total 94208K, used 8061K [0x00000000f5580000, 0x00000000fc380000, 0x0000000100000000)
  eden space 77824K, 10% used [0x00000000f5580000,0x00000000f5d5f5e8,0x00000000fa180000)
  from space 16384K, 0% used [0x00000000fb380000,0x00000000fb380000,0x00000000fc380000)
  to   space 17408K, 0% used [0x00000000fa180000,0x00000000fa180000,0x00000000fb280000)
 ParOldGen       total 117248K, used 44136K [0x00000000e0000000, 0x00000000e7280000, 0x00000000f5580000)
  object space 117248K, 37% used [0x00000000e0000000,0x00000000e2b1a038,0x00000000e7280000)
 Metaspace       used 80909K, capacity 88186K, committed 88600K, reserved 1126400K
  class space    used 9821K, capacity 12193K, committed 12336K, reserved 1048576K
Event: 1441.737 GC heap after
Heap after GC invocations=52 (full 21):
 PSYoungGen      total 78336K, used 401K [0x00000000f5580000, 0x00000000fc180000, 0x0000000100000000)
  eden space 77824K, 0% used [0x00000000f5580000,0x00000000f5580000,0x00000000fa180000)
  from space 512K, 78% used [0x00000000fa180000,0x00000000fa1e47b0,0x00000000fa200000)
  to   space 16384K, 0% used [0x00000000fb180000,0x00000000fb180000,0x00000000fc180000)
 ParOldGen       total 117248K, used 44136K [0x00000000e0000000, 0x00000000e7280000, 0x00000000f5580000)
  object space 117248K, 37% used [0x00000000e0000000,0x00000000e2b1a038,0x00000000e7280000)
 Metaspace       used 80909K, capacity 88186K, committed 88600K, reserved 1126400K
  class space    used 9821K, capacity 12193K, committed 12336K, reserved 1048576K
}
Event: 1441.737 GC heap before
{Heap before GC invocations=53 (full 22):
 PSYoungGen      total 78336K, used 401K [0x00000000f5580000, 0x00000000fc180000, 0x0000000100000000)
  eden space 77824K, 0% used [0x00000000f5580000,0x00000000f5580000,0x00000000fa180000)
  from space 512K, 78% used [0x00000000fa180000,0x00000000fa1e47b0,0x00000000fa200000)
  to   space 16384K, 0% used [0x00000000fb180000,0x00000000fb180000,0x00000000fc180000)
 ParOldGen       total 117248K, used 44136K [0x00000000e0000000, 0x00000000e7280000, 0x00000000f5580000)
  object space 117248K, 37% used [0x00000000e0000000,0x00000000e2b1a038,0x00000000e7280000)
 Metaspace       used 80909K, capacity 88186K, committed 88600K, reserved 1126400K
  class space    used 9821K, capacity 12193K, committed 12336K, reserved 1048576K
Event: 1442.195 GC heap after
Heap after GC invocations=53 (full 22):
 PSYoungGen      total 78336K, used 0K [0x00000000f5580000, 0x00000000fc180000, 0x0000000100000000)
  eden space 77824K, 0% used [0x00000000f5580000,0x00000000f5580000,0x00000000fa180000)
  from space 512K, 0% used [0x00000000fa180000,0x00000000fa180000,0x00000000fa200000)
  to   space 16384K, 0% used [0x00000000fb180000,0x00000000fb180000,0x00000000fc180000)
 ParOldGen       total 117248K, used 44433K [0x00000000e0000000, 0x00000000e7280000, 0x00000000f5580000)
  object space 117248K, 37% used [0x00000000e0000000,0x00000000e2b64600,0x00000000e7280000)
 Metaspace       used 80909K, capacity 88186K, committed 88600K, reserved 1126400K
  class space    used 9821K, capacity 12193K, committed 12336K, reserved 1048576K
}
Event: 2170.675 GC heap before
{Heap before GC invocations=54 (full 22):
 PSYoungGen      total 78336K, used 77824K [0x00000000f5580000, 0x00000000fc180000, 0x0000000100000000)
  eden space 77824K, 100% used [0x00000000f5580000,0x00000000fa180000,0x00000000fa180000)
  from space 512K, 0% used [0x00000000fa180000,0x00000000fa180000,0x00000000fa200000)
  to   space 16384K, 0% used [0x00000000fb180000,0x00000000fb180000,0x00000000fc180000)
 ParOldGen       total 117248K, used 44433K [0x00000000e0000000, 0x00000000e7280000, 0x00000000f5580000)
  object space 117248K, 37% used [0x00000000e0000000,0x00000000e2b64600,0x00000000e7280000)
 Metaspace       used 81726K, capacity 88830K, committed 89112K, reserved 1126400K
  class space    used 9886K, capacity 12295K, committed 12336K, reserved 1048576K
Event: 2170.743 GC heap after
Heap after GC invocations=54 (full 22):
 PSYoungGen      total 94720K, used 4532K [0x00000000f5580000, 0x00000000fc600000, 0x0000000100000000)
  eden space 78336K, 0% used [0x00000000f5580000,0x00000000f5580000,0x00000000fa200000)
  from space 16384K, 27% used [0x00000000fb180000,0x00000000fb5ed088,0x00000000fc180000)
  to   space 15872K, 0% used [0x00000000fa200000,0x00000000fa200000,0x00000000fb180000)
 ParOldGen       total 117248K, used 44441K [0x00000000e0000000, 0x00000000e7280000, 0x00000000f5580000)
  object space 117248K, 37% used [0x00000000e0000000,0x00000000e2b66600,0x00000000e7280000)
 Metaspace       used 81726K, capacity 88830K, committed 89112K, reserved 1126400K
  class space    used 9886K, capacity 12295K, committed 12336K, reserved 1048576K
}

